<?xml version="1.0" encoding="UTF-8"?>
<testsuite name="demo.ApplicationTests" tests="1" skipped="0" failures="0" errors="0" timestamp="2014-10-03T03:09:25" hostname="Arjun-PC" time="12.0">
  <properties/>
  <testcase name="contextLoads" classname="demo.ApplicationTests" time="12.0"/>
  <system-out><![CDATA[20:09:25.230 [Test worker] DEBUG o.s.t.c.j.SpringJUnit4ClassRunner - SpringJUnit4ClassRunner constructor called with [class demo.ApplicationTests].
20:09:25.494 [Test worker] DEBUG o.s.test.context.ContextLoaderUtils - Found explicit ContextLoader class [org.springframework.boot.test.SpringApplicationContextLoader] for context configuration attributes [ContextConfigurationAttributes@4db855da declaringClass = 'demo.ApplicationTests', classes = '{class com.voldy.main.Application}', locations = '{}', inheritLocations = true, initializers = '{}', inheritInitializers = true, name = [null], contextLoaderClass = 'org.springframework.boot.test.SpringApplicationContextLoader']
20:09:25.540 [Test worker] DEBUG o.s.test.context.ContextLoaderUtils - Could not find an 'annotation declaring class' for annotation type [org.springframework.test.context.ActiveProfiles] and class [demo.ApplicationTests]
20:09:25.561 [Test worker] DEBUG o.s.test.context.TestContextManager - @TestExecutionListeners is not present for class [demo.ApplicationTests]: using defaults.
20:09:25.600 [Test worker] INFO  o.s.test.context.TestContextManager - Could not instantiate TestExecutionListener [org.springframework.test.context.transaction.TransactionalTestExecutionListener]. Specify custom listener classes or make the default listener classes (and their required dependencies) available. Offending class: [org/springframework/transaction/interceptor/TransactionAttributeSource]
20:09:25.614 [Test worker] DEBUG o.s.t.annotation.ProfileValueUtils - Retrieved @ProfileValueSourceConfiguration [null] for test class [demo.ApplicationTests]
20:09:25.619 [Test worker] DEBUG o.s.t.annotation.ProfileValueUtils - Retrieved ProfileValueSource type [class org.springframework.test.annotation.SystemProfileValueSource] for class [demo.ApplicationTests]
20:09:25.631 [Test worker] DEBUG o.s.t.annotation.ProfileValueUtils - Retrieved @ProfileValueSourceConfiguration [null] for test class [demo.ApplicationTests]
20:09:25.631 [Test worker] DEBUG o.s.t.annotation.ProfileValueUtils - Retrieved ProfileValueSource type [class org.springframework.test.annotation.SystemProfileValueSource] for class [demo.ApplicationTests]
20:09:25.636 [Test worker] DEBUG o.s.t.annotation.ProfileValueUtils - Retrieved @ProfileValueSourceConfiguration [null] for test class [demo.ApplicationTests]
20:09:25.636 [Test worker] DEBUG o.s.t.annotation.ProfileValueUtils - Retrieved ProfileValueSource type [class org.springframework.test.annotation.SystemProfileValueSource] for class [demo.ApplicationTests]
20:09:25.647 [Test worker] DEBUG o.s.t.annotation.ProfileValueUtils - Retrieved @ProfileValueSourceConfiguration [null] for test class [demo.ApplicationTests]
20:09:25.648 [Test worker] DEBUG o.s.t.annotation.ProfileValueUtils - Retrieved ProfileValueSource type [class org.springframework.test.annotation.SystemProfileValueSource] for class [demo.ApplicationTests]
20:09:26.375 [Test worker] DEBUG o.s.core.env.StandardEnvironment - Adding [systemProperties] PropertySource with lowest search precedence
20:09:26.398 [Test worker] DEBUG o.s.core.env.StandardEnvironment - Adding [systemEnvironment] PropertySource with lowest search precedence
20:09:26.404 [Test worker] DEBUG o.s.core.env.StandardEnvironment - Initialized StandardEnvironment with PropertySources [systemProperties,systemEnvironment]
20:09:26.452 [Test worker] DEBUG o.s.w.c.s.StandardServletEnvironment - Adding [servletConfigInitParams] PropertySource with lowest search precedence
20:09:26.454 [Test worker] DEBUG o.s.w.c.s.StandardServletEnvironment - Adding [servletContextInitParams] PropertySource with lowest search precedence
20:09:26.484 [Test worker] DEBUG o.s.w.c.s.StandardServletEnvironment - Adding [jndiProperties] PropertySource with lowest search precedence
20:09:26.488 [Test worker] DEBUG o.s.w.c.s.StandardServletEnvironment - Adding [systemProperties] PropertySource with lowest search precedence
20:09:26.494 [Test worker] DEBUG o.s.w.c.s.StandardServletEnvironment - Adding [systemEnvironment] PropertySource with lowest search precedence
20:09:26.497 [Test worker] DEBUG o.s.w.c.s.StandardServletEnvironment - Initialized StandardServletEnvironment with PropertySources [servletConfigInitParams,servletContextInitParams,jndiProperties,systemProperties,systemEnvironment]
20:09:26.506 [Test worker] DEBUG o.s.w.c.s.StandardServletEnvironment - Adding [integrationTest] PropertySource with search precedence immediately lower than [systemEnvironment]

  .   ____          _            __ _ _
 /\\ / ___'_ __ _ _(_)_ __  __ _ \ \ \ \
( ( )\___ | '_ | '_| | '_ \/ _` | \ \ \ \
 \\/  ___)| |_)| | | | | || (_| |  ) ) ) )
  '  |____| .__|_| |_|_| |_\__, | / / / /
 =========|_|==============|___/=/_/_/_/
 :: Spring Boot ::        (v1.1.6.RELEASE)

2014-10-02 20:09:28.480  INFO 8828 --- [    Test worker] o.s.boot.SpringApplication               : Starting application on Arjun-PC with PID 8828 (C:\Users\ArjunKumar\.gradle\caches\modules-2\files-2.1\org.springframework.boot\spring-boot\1.1.6.RELEASE\761f1962a68c791c557f05883d5df80f2848b743\spring-boot-1.1.6.RELEASE.jar started by ArjunKumar in D:\SJSU_SE Course Files\273 proj_work space\cmpe273-assignment1)
2014-10-02 20:09:28.860  INFO 8828 --- [    Test worker] o.s.w.c.s.GenericWebApplicationContext   : Refreshing org.springframework.web.context.support.GenericWebApplicationContext@79d77fbc: startup date [Thu Oct 02 20:09:28 PDT 2014]; root of context hierarchy
2014-10-02 20:09:31.791  INFO 8828 --- [    Test worker] o.s.b.f.s.DefaultListableBeanFactory     : Overriding bean definition for bean 'beanNameViewResolver': replacing [Root bean: class [null]; scope=; abstract=false; lazyInit=false; autowireMode=3; dependencyCheck=0; autowireCandidate=true; primary=false; factoryBeanName=org.springframework.boot.autoconfigure.web.ErrorMvcAutoConfiguration$WhitelabelErrorViewConfiguration; factoryMethodName=beanNameViewResolver; initMethodName=null; destroyMethodName=(inferred); defined in class path resource [org/springframework/boot/autoconfigure/web/ErrorMvcAutoConfiguration$WhitelabelErrorViewConfiguration.class]] with [Root bean: class [null]; scope=; abstract=false; lazyInit=false; autowireMode=3; dependencyCheck=0; autowireCandidate=true; primary=false; factoryBeanName=org.springframework.boot.autoconfigure.web.WebMvcAutoConfiguration$WebMvcAutoConfigurationAdapter; factoryMethodName=beanNameViewResolver; initMethodName=null; destroyMethodName=(inferred); defined in class path resource [org/springframework/boot/autoconfigure/web/WebMvcAutoConfiguration$WebMvcAutoConfigurationAdapter.class]]
2014-10-02 20:09:36.378  INFO 8828 --- [    Test worker] o.s.w.s.handler.SimpleUrlHandlerMapping  : Mapped URL path [/**/favicon.ico] onto handler of type [class org.springframework.web.servlet.resource.ResourceHttpRequestHandler]
2014-10-02 20:09:36.994  INFO 8828 --- [    Test worker] s.w.s.m.m.a.RequestMappingHandlerMapping : Mapped "{[/api/v1//users/{user_id}/idcards/{card_id}],methods=[DELETE],params=[],headers=[],consumes=[],produces=[],custom=[]}" onto public void com.voldy.main.WalletController.deleteIDCard(java.lang.String,java.lang.String)
2014-10-02 20:09:36.997  INFO 8828 --- [    Test worker] s.w.s.m.m.a.RequestMappingHandlerMapping : Mapped "{[/api/v1//users],methods=[POST],params=[],headers=[],consumes=[],produces=[],custom=[]}" onto public com.voldy.beans.User com.voldy.main.WalletController.createUsers(com.voldy.beans.User)
2014-10-02 20:09:36.998  INFO 8828 --- [    Test worker] s.w.s.m.m.a.RequestMappingHandlerMapping : Mapped "{[/api/v1//users/{user_id}],methods=[PUT],params=[],headers=[],consumes=[],produces=[],custom=[]}" onto public com.voldy.beans.User com.voldy.main.WalletController.updateUser(java.lang.String,com.voldy.beans.User)
2014-10-02 20:09:37.000  INFO 8828 --- [    Test worker] s.w.s.m.m.a.RequestMappingHandlerMapping : Mapped "{[/api/v1//users/{user_id}/idcards],methods=[POST],params=[],headers=[],consumes=[],produces=[],custom=[]}" onto public com.voldy.beans.IDCard com.voldy.main.WalletController.createIDCard(com.voldy.beans.IDCard,java.lang.String)
2014-10-02 20:09:37.002  INFO 8828 --- [    Test worker] s.w.s.m.m.a.RequestMappingHandlerMapping : Mapped "{[/api/v1//users/{user_id}/idcards],methods=[GET],params=[],headers=[],consumes=[],produces=[],custom=[]}" onto public java.util.List<com.voldy.beans.IDCard> com.voldy.main.WalletController.listIDCards(java.lang.String)
2014-10-02 20:09:37.003  INFO 8828 --- [    Test worker] s.w.s.m.m.a.RequestMappingHandlerMapping : Mapped "{[/api/v1//users/{user_id}/weblogins],methods=[GET],params=[],headers=[],consumes=[],produces=[],custom=[]}" onto public java.util.List<com.voldy.beans.WebLogin> com.voldy.main.WalletController.listWebLogins(java.lang.String)
2014-10-02 20:09:37.005  INFO 8828 --- [    Test worker] s.w.s.m.m.a.RequestMappingHandlerMapping : Mapped "{[/api/v1//users/{user_id}/weblogins],methods=[POST],params=[],headers=[],consumes=[],produces=[],custom=[]}" onto public com.voldy.beans.WebLogin com.voldy.main.WalletController.createWebLogin(com.voldy.beans.WebLogin,java.lang.String)
2014-10-02 20:09:37.007  INFO 8828 --- [    Test worker] s.w.s.m.m.a.RequestMappingHandlerMapping : Mapped "{[/api/v1//users/{user_id}/weblogins/{login_id}],methods=[DELETE],params=[],headers=[],consumes=[],produces=[],custom=[]}" onto public void com.voldy.main.WalletController.deleteWebLogin(java.lang.String,java.lang.String)
2014-10-02 20:09:37.008  INFO 8828 --- [    Test worker] s.w.s.m.m.a.RequestMappingHandlerMapping : Mapped "{[/api/v1//users/{user_id}],methods=[GET],params=[],headers=[],consumes=[],produces=[],custom=[]}" onto public com.voldy.beans.User com.voldy.main.WalletController.viewUser(java.lang.String)
2014-10-02 20:09:37.010  INFO 8828 --- [    Test worker] s.w.s.m.m.a.RequestMappingHandlerMapping : Mapped "{[/api/v1//users/{user_id}/bankaccounts],methods=[GET],params=[],headers=[],consumes=[],produces=[],custom=[]}" onto public java.util.List<com.voldy.beans.BankAccount> com.voldy.main.WalletController.listBankAccount(java.lang.String)
2014-10-02 20:09:37.011  INFO 8828 --- [    Test worker] s.w.s.m.m.a.RequestMappingHandlerMapping : Mapped "{[/api/v1//users/{user_id}/bankaccounts/{ba_id}],methods=[DELETE],params=[],headers=[],consumes=[],produces=[],custom=[]}" onto public void com.voldy.main.WalletController.deleteBankAccount(java.lang.String,java.lang.String)
2014-10-02 20:09:37.013  INFO 8828 --- [    Test worker] s.w.s.m.m.a.RequestMappingHandlerMapping : Mapped "{[/api/v1//users/{user_id}/bankaccounts],methods=[POST],params=[],headers=[],consumes=[],produces=[],custom=[]}" onto public com.voldy.beans.BankAccount com.voldy.main.WalletController.createBankAccount(com.voldy.beans.BankAccount,java.lang.String)
2014-10-02 20:09:37.023  INFO 8828 --- [    Test worker] s.w.s.m.m.a.RequestMappingHandlerMapping : Mapped "{[/error],methods=[],params=[],headers=[],consumes=[],produces=[],custom=[]}" onto public org.springframework.http.ResponseEntity<java.util.Map<java.lang.String, java.lang.Object>> org.springframework.boot.autoconfigure.web.BasicErrorController.error(javax.servlet.http.HttpServletRequest)
2014-10-02 20:09:37.025  INFO 8828 --- [    Test worker] s.w.s.m.m.a.RequestMappingHandlerMapping : Mapped "{[/error],methods=[],params=[],headers=[],consumes=[],produces=[text/html],custom=[]}" onto public org.springframework.web.servlet.ModelAndView org.springframework.boot.autoconfigure.web.BasicErrorController.errorHtml(javax.servlet.http.HttpServletRequest)
2014-10-02 20:09:37.090  INFO 8828 --- [    Test worker] o.s.w.s.handler.SimpleUrlHandlerMapping  : Mapped URL path [/webjars/**] onto handler of type [class org.springframework.web.servlet.resource.ResourceHttpRequestHandler]
2014-10-02 20:09:37.092  INFO 8828 --- [    Test worker] o.s.w.s.handler.SimpleUrlHandlerMapping  : Mapped URL path [/**] onto handler of type [class org.springframework.web.servlet.resource.ResourceHttpRequestHandler]
2014-10-02 20:09:37.606  INFO 8828 --- [    Test worker] o.s.boot.SpringApplication               : Started application in 11.036 seconds (JVM running for 17.596)
]]></system-out>
  <system-err><![CDATA[]]></system-err>
</testsuite>
